0 info it worked if it ends with ok
1 verbose cli [ 'node', '/usr/local/bin/npm', 'install', 'node-forge' ]
2 info using npm@2.11.3
3 info using node@v0.12.7
4 verbose install initial load of /Users/mrcina/Meteor Projects/cryptonic/package.json
5 verbose readDependencies loading dependencies from /Users/mrcina/Meteor Projects/cryptonic/package.json
6 silly cache add args [ 'node-forge', null ]
7 verbose cache add spec node-forge
8 silly cache add parsed spec { raw: 'node-forge',
8 silly cache add   scope: null,
8 silly cache add   name: 'node-forge',
8 silly cache add   rawSpec: '',
8 silly cache add   spec: '*',
8 silly cache add   type: 'range' }
9 silly addNamed node-forge@*
10 verbose addNamed "*" is a valid semver range for node-forge
11 silly addNameRange { name: 'node-forge', range: '*', hasData: false }
12 silly mapToRegistry name node-forge
13 silly mapToRegistry using default registry
14 silly mapToRegistry registry https://registry.npmjs.org/
15 silly mapToRegistry uri https://registry.npmjs.org/node-forge
16 verbose addNameRange registry:https://registry.npmjs.org/node-forge not in flight; fetching
17 verbose request uri https://registry.npmjs.org/node-forge
18 verbose request no auth needed
19 info attempt registry request try #1 at 11:53:36 PM
20 verbose request id aa57f704acd7e023
21 http request GET https://registry.npmjs.org/node-forge
22 http 200 https://registry.npmjs.org/node-forge
23 silly get cb [ 200,
23 silly get   { server: 'CouchDB/1.5.0 (Erlang OTP/R16B03)',
23 silly get     etag: '"A9YX6D468H14YJ9LER1ROAJOA"',
23 silly get     'content-type': 'application/json',
23 silly get     'cache-control': 'max-age=60',
23 silly get     'content-length': '215276',
23 silly get     'accept-ranges': 'bytes',
23 silly get     date: 'Mon, 09 Nov 2015 22:53:36 GMT',
23 silly get     via: '1.1 varnish',
23 silly get     age: '0',
23 silly get     connection: 'keep-alive',
23 silly get     'x-served-by': 'cache-fra1243-FRA',
23 silly get     'x-cache': 'HIT',
23 silly get     'x-cache-hits': '1',
23 silly get     'x-timer': 'S1447109616.843099,VS0,VE100',
23 silly get     vary: 'Accept' } ]
24 verbose get saving node-forge to /Users/mrcina/.npm/registry.npmjs.org/node-forge/.cache.json
25 silly addNameRange number 2 { name: 'node-forge', range: '*', hasData: true }
26 silly addNameRange versions [ 'node-forge',
26 silly addNameRange   [ '0.1.2',
26 silly addNameRange     '0.1.3',
26 silly addNameRange     '0.1.4',
26 silly addNameRange     '0.1.5',
26 silly addNameRange     '0.1.6',
26 silly addNameRange     '0.1.7',
26 silly addNameRange     '0.1.8',
26 silly addNameRange     '0.1.9',
26 silly addNameRange     '0.1.10',
26 silly addNameRange     '0.1.11',
26 silly addNameRange     '0.1.12',
26 silly addNameRange     '0.1.13',
26 silly addNameRange     '0.1.14',
26 silly addNameRange     '0.1.15',
26 silly addNameRange     '0.2.0',
26 silly addNameRange     '0.2.1',
26 silly addNameRange     '0.2.2',
26 silly addNameRange     '0.2.3',
26 silly addNameRange     '0.2.4',
26 silly addNameRange     '0.2.5',
26 silly addNameRange     '0.2.6',
26 silly addNameRange     '0.2.7',
26 silly addNameRange     '0.2.8',
26 silly addNameRange     '0.2.9',
26 silly addNameRange     '0.2.10',
26 silly addNameRange     '0.2.11',
26 silly addNameRange     '0.2.12',
26 silly addNameRange     '0.2.13',
26 silly addNameRange     '0.2.14',
26 silly addNameRange     '0.2.15',
26 silly addNameRange     '0.2.17',
26 silly addNameRange     '0.2.18',
26 silly addNameRange     '0.2.19',
26 silly addNameRange     '0.2.20',
26 silly addNameRange     '0.2.21',
26 silly addNameRange     '0.2.22',
26 silly addNameRange     '0.2.23',
26 silly addNameRange     '0.2.24',
26 silly addNameRange     '0.2.25',
26 silly addNameRange     '0.2.26',
26 silly addNameRange     '0.2.27',
26 silly addNameRange     '0.2.28',
26 silly addNameRange     '0.2.29',
26 silly addNameRange     '0.2.30',
26 silly addNameRange     '0.2.31',
26 silly addNameRange     '0.2.32',
26 silly addNameRange     '0.2.33',
26 silly addNameRange     '0.2.34',
26 silly addNameRange     '0.2.35',
26 silly addNameRange     '0.2.36',
26 silly addNameRange     '0.2.37',
26 silly addNameRange     '0.3.0',
26 silly addNameRange     '0.4.1-dev',
26 silly addNameRange     '0.4.1',
26 silly addNameRange     '0.4.2',
26 silly addNameRange     '0.4.3',
26 silly addNameRange     '0.5.1',
26 silly addNameRange     '0.5.2',
26 silly addNameRange     '0.5.3',
26 silly addNameRange     '0.5.4',
26 silly addNameRange     '0.5.5',
26 silly addNameRange     '0.6.0',
26 silly addNameRange     '0.6.1',
26 silly addNameRange     '0.6.2',
26 silly addNameRange     '0.6.3',
26 silly addNameRange     '0.6.4',
26 silly addNameRange     '0.6.5',
26 silly addNameRange     '0.6.6',
26 silly addNameRange     '0.6.7',
26 silly addNameRange     '0.6.8',
26 silly addNameRange     '0.6.9',
26 silly addNameRange     '0.6.10',
26 silly addNameRange     '0.6.11',
26 silly addNameRange     '0.6.12',
26 silly addNameRange     '0.6.13',
26 silly addNameRange     '0.6.14',
26 silly addNameRange     '0.6.16',
26 silly addNameRange     '0.6.18',
26 silly addNameRange     '0.6.19',
26 silly addNameRange     '0.6.20',
26 silly addNameRange     '0.6.21',
26 silly addNameRange     '0.6.22',
26 silly addNameRange     '0.6.23',
26 silly addNameRange     '0.6.24',
26 silly addNameRange     '0.6.25',
26 silly addNameRange     '0.6.26',
26 silly addNameRange     '0.6.27',
26 silly addNameRange     '0.6.28',
26 silly addNameRange     '0.6.29',
26 silly addNameRange     '0.6.30',
26 silly addNameRange     '0.6.31',
26 silly addNameRange     '0.6.32',
26 silly addNameRange     '0.6.33',
26 silly addNameRange     '0.6.34',
26 silly addNameRange     '0.6.35',
26 silly addNameRange     '0.6.37' ] ]
27 silly addNamed node-forge@0.6.37
28 verbose addNamed "0.6.37" is a plain semver version for node-forge
29 silly mapToRegistry name node-forge
30 silly mapToRegistry using default registry
31 silly mapToRegistry registry https://registry.npmjs.org/
32 silly mapToRegistry uri https://registry.npmjs.org/node-forge
33 verbose addRemoteTarball https://registry.npmjs.org/node-forge/-/node-forge-0.6.37.tgz not in flight; adding
34 verbose addRemoteTarball [ 'https://registry.npmjs.org/node-forge/-/node-forge-0.6.37.tgz',
34 verbose addRemoteTarball   '32ea701c683fc300f1458e9490dc194a766f3641' ]
35 info retry fetch attempt 1 at 11:53:37 PM
36 info attempt registry request try #1 at 11:53:37 PM
37 http fetch GET https://registry.npmjs.org/node-forge/-/node-forge-0.6.37.tgz
38 http fetch 200 https://registry.npmjs.org/node-forge/-/node-forge-0.6.37.tgz
39 silly fetchAndShaCheck shasum 32ea701c683fc300f1458e9490dc194a766f3641
40 verbose addTmpTarball /var/folders/qv/lgg_5vrs79l3g5rvb54n9_b80000gn/T/npm-12623-f0dd041a/registry.npmjs.org/node-forge/-/node-forge-0.6.37.tgz not in flight; adding
41 verbose addTmpTarball already have metadata; skipping unpack for node-forge@0.6.37
42 silly cache afterAdd node-forge@0.6.37
43 verbose afterAdd /Users/mrcina/.npm/node-forge/0.6.37/package/package.json not in flight; writing
44 verbose afterAdd /Users/mrcina/.npm/node-forge/0.6.37/package/package.json written
45 silly install resolved [ { name: 'node-forge',
45 silly install resolved     version: '0.6.37',
45 silly install resolved     description: 'JavaScript implementations of network transports, cryptography, ciphers, PKI, message digests, and various utilities.',
45 silly install resolved     homepage: 'http://github.com/digitalbazaar/forge',
45 silly install resolved     author:
45 silly install resolved      { name: 'Digital Bazaar, Inc.',
45 silly install resolved        email: 'support@digitalbazaar.com',
45 silly install resolved        url: 'http://digitalbazaar.com/' },
45 silly install resolved     contributors: [ [Object], [Object], [Object] ],
45 silly install resolved     devDependencies: { almond: '~0.2.6', jscs: '^1.8.1', requirejs: '~2.1.8' },
45 silly install resolved     repository: { type: 'git', url: 'http://github.com/digitalbazaar/forge' },
45 silly install resolved     bugs:
45 silly install resolved      { url: 'https://github.com/digitalbazaar/forge/issues',
45 silly install resolved        email: 'support@digitalbazaar.com' },
45 silly install resolved     licenses: [ [Object] ],
45 silly install resolved     main: 'js/forge.js',
45 silly install resolved     engines: { node: '*' },
45 silly install resolved     keywords:
45 silly install resolved      [ 'aes',
45 silly install resolved        'asn',
45 silly install resolved        'asn.1',
45 silly install resolved        'cbc',
45 silly install resolved        'crypto',
45 silly install resolved        'cryptography',
45 silly install resolved        'csr',
45 silly install resolved        'des',
45 silly install resolved        'gcm',
45 silly install resolved        'hmac',
45 silly install resolved        'http',
45 silly install resolved        'https',
45 silly install resolved        'md5',
45 silly install resolved        'network',
45 silly install resolved        'pkcs',
45 silly install resolved        'pki',
45 silly install resolved        'prng',
45 silly install resolved        'rc2',
45 silly install resolved        'rsa',
45 silly install resolved        'sha1',
45 silly install resolved        'sha256',
45 silly install resolved        'sha384',
45 silly install resolved        'sha512',
45 silly install resolved        'ssh',
45 silly install resolved        'tls',
45 silly install resolved        'x.509',
45 silly install resolved        'x509' ],
45 silly install resolved     scripts:
45 silly install resolved      { bundle: 'r.js -o minify.js optimize=none out=js/forge.bundle.js',
45 silly install resolved        minify: 'r.js -o minify.js',
45 silly install resolved        jscs: 'jscs *.js js/*.js minify.js nodejs/*.js nodejs/test/*.js nodejs/ui/*.js tests/*.js',
45 silly install resolved        jshint: 'jshint *.js js/*.js minify.js nodejs/*.js nodejs/test/*.js nodejs/ui/*.js tests/*.js' },
45 silly install resolved     jspm: { format: 'amd' },
45 silly install resolved     gitHead: 'e8e6ecbab88370be2dd561e30b54bf0fdd1045d7',
45 silly install resolved     _id: 'node-forge@0.6.37',
45 silly install resolved     _shasum: '32ea701c683fc300f1458e9490dc194a766f3641',
45 silly install resolved     _from: 'node-forge@*',
45 silly install resolved     _npmVersion: '1.4.28',
45 silly install resolved     _npmUser: { name: 'dlongley', email: 'dlongley@digitalbazaar.com' },
45 silly install resolved     maintainers: [ [Object], [Object], [Object] ],
45 silly install resolved     dist:
45 silly install resolved      { shasum: '32ea701c683fc300f1458e9490dc194a766f3641',
45 silly install resolved        tarball: 'http://registry.npmjs.org/node-forge/-/node-forge-0.6.37.tgz' },
45 silly install resolved     directories: {},
45 silly install resolved     _resolved: 'https://registry.npmjs.org/node-forge/-/node-forge-0.6.37.tgz' } ]
46 info install node-forge@0.6.37 into /Users/mrcina/Meteor Projects/cryptonic
47 info installOne node-forge@0.6.37
48 verbose installOne of node-forge to /Users/mrcina/Meteor Projects/cryptonic not in flight; installing
49 warn locking Error: EACCES, open '/Users/mrcina/.npm/_locks/node-forge-51affa78587bf7a0.lock'
49 warn locking     at Error (native)
49 warn locking  /Users/mrcina/.npm/_locks/node-forge-51affa78587bf7a0.lock failed { [Error: EACCES, open '/Users/mrcina/.npm/_locks/node-forge-51affa78587bf7a0.lock']
49 warn locking   errno: -13,
49 warn locking   code: 'EACCES',
49 warn locking   path: '/Users/mrcina/.npm/_locks/node-forge-51affa78587bf7a0.lock' }
50 verbose stack Error: Attempt to unlock /Users/mrcina/Meteor Projects/cryptonic/node_modules/node-forge, which hasn't been locked
50 verbose stack     at unlock (/usr/local/lib/node_modules/npm/lib/utils/locker.js:66:11)
50 verbose stack     at cb (/usr/local/lib/node_modules/npm/lib/install.js:1017:5)
50 verbose stack     at /usr/local/lib/node_modules/npm/lib/install.js:1021:20
50 verbose stack     at /usr/local/lib/node_modules/npm/lib/utils/locker.js:40:9
50 verbose stack     at cb (/usr/local/lib/node_modules/npm/node_modules/lockfile/lockfile.js:149:38)
50 verbose stack     at /usr/local/lib/node_modules/npm/node_modules/lockfile/lockfile.js:177:38
50 verbose stack     at FSReqWrap.oncomplete (fs.js:95:15)
51 verbose cwd /Users/mrcina/Meteor Projects/cryptonic
52 error Darwin 15.0.0
53 error argv "node" "/usr/local/bin/npm" "install" "node-forge"
54 error node v0.12.7
55 error npm  v2.11.3
56 error Attempt to unlock /Users/mrcina/Meteor Projects/cryptonic/node_modules/node-forge, which hasn't been locked
57 error If you need help, you may report this error at:
57 error     <https://github.com/npm/npm/issues>
58 verbose exit [ 1, true ]
